2025-09-11 18:21:28 [INFO] 2025-08-25 已执行完成删除 dws_visitor_path_track_heatmap  的数据
2025-09-11 18:21:29 [INFO] 2025-08-25已写入 到  dws_visitor_path_track_heatmap
2025-09-11 18:21:29 [INFO] 2025-08-26 已执行完成删除 dws_visitor_path_track_heatmap  的数据
2025-09-11 18:21:29 [INFO] 2025-08-26已写入 到  dws_visitor_path_track_heatmap
2025-09-11 18:21:29 [INFO] 2025-08-27 已执行完成删除 dws_visitor_path_track_heatmap  的数据
2025-09-11 18:21:29 [INFO] 2025-08-27已写入 到  dws_visitor_path_track_heatmap
2025-09-11 18:22:59 [INFO] 2025-08-25 已删除 14686 行
2025-09-11 18:22:59 [INFO] 2025-08-25 第 1 批写入 10000 行，累计 10000/115302 行
2025-09-11 18:23:00 [INFO] 2025-08-25 第 2 批写入 10000 行，累计 20000/115302 行
2025-09-11 18:23:00 [INFO] 2025-08-25 第 3 批写入 10000 行，累计 30000/115302 行
2025-09-11 18:23:00 [INFO] 2025-08-25 第 4 批写入 10000 行，累计 40000/115302 行
2025-09-11 18:23:00 [INFO] 2025-08-25 第 5 批写入 10000 行，累计 50000/115302 行
2025-09-11 18:23:00 [INFO] 2025-08-25 第 6 批写入 10000 行，累计 60000/115302 行
2025-09-11 18:23:01 [INFO] 2025-08-25 第 7 批写入 10000 行，累计 70000/115302 行
2025-09-11 18:23:01 [INFO] 2025-08-25 第 8 批写入 10000 行，累计 80000/115302 行
2025-09-11 18:23:01 [INFO] 2025-08-25 第 9 批写入 10000 行，累计 90000/115302 行
2025-09-11 18:23:01 [INFO] 2025-08-25 第 10 批写入 10000 行，累计 100000/115302 行
2025-09-11 18:23:01 [INFO] 2025-08-25 第 11 批写入 10000 行，累计 110000/115302 行
2025-09-11 18:23:01 [INFO] 2025-08-25 第 12 批写入 5302 行，累计 115302/115302 行
2025-09-11 18:23:01 [INFO] 2025-08-25 总条数写入 115302 行
2025-09-11 18:23:03 [INFO] 2025-08-26 已删除 14492 行
2025-09-11 18:23:03 [INFO] 2025-08-26 第 1 批写入 10000 行，累计 10000/113859 行
2025-09-11 18:23:03 [INFO] 2025-08-26 第 2 批写入 10000 行，累计 20000/113859 行
2025-09-11 18:23:03 [INFO] 2025-08-26 第 3 批写入 10000 行，累计 30000/113859 行
2025-09-11 18:23:03 [INFO] 2025-08-26 第 4 批写入 10000 行，累计 40000/113859 行
2025-09-11 18:23:03 [INFO] 2025-08-26 第 5 批写入 10000 行，累计 50000/113859 行
2025-09-11 18:23:04 [INFO] 2025-08-26 第 6 批写入 10000 行，累计 60000/113859 行
2025-09-11 18:23:04 [INFO] 2025-08-26 第 7 批写入 10000 行，累计 70000/113859 行
2025-09-11 18:23:04 [INFO] 2025-08-26 第 8 批写入 10000 行，累计 80000/113859 行
2025-09-11 18:23:04 [INFO] 2025-08-26 第 9 批写入 10000 行，累计 90000/113859 行
2025-09-11 18:23:04 [INFO] 2025-08-26 第 10 批写入 10000 行，累计 100000/113859 行
2025-09-11 18:23:05 [INFO] 2025-08-26 第 11 批写入 10000 行，累计 110000/113859 行
2025-09-11 18:23:05 [INFO] 2025-08-26 第 12 批写入 3859 行，累计 113859/113859 行
2025-09-11 18:23:05 [INFO] 2025-08-26 总条数写入 113859 行
2025-09-11 18:23:06 [INFO] 2025-08-27 已删除 14770 行
2025-09-11 18:23:06 [INFO] 2025-08-27 第 1 批写入 10000 行，累计 10000/115973 行
2025-09-11 18:23:06 [INFO] 2025-08-27 第 2 批写入 10000 行，累计 20000/115973 行
2025-09-11 18:23:06 [INFO] 2025-08-27 第 3 批写入 10000 行，累计 30000/115973 行
2025-09-11 18:23:07 [INFO] 2025-08-27 第 4 批写入 10000 行，累计 40000/115973 行
2025-09-11 18:23:07 [INFO] 2025-08-27 第 5 批写入 10000 行，累计 50000/115973 行
2025-09-11 18:23:07 [INFO] 2025-08-27 第 6 批写入 10000 行，累计 60000/115973 行
2025-09-11 18:23:07 [INFO] 2025-08-27 第 7 批写入 10000 行，累计 70000/115973 行
2025-09-11 18:23:07 [INFO] 2025-08-27 第 8 批写入 10000 行，累计 80000/115973 行
2025-09-11 18:23:07 [INFO] 2025-08-27 第 9 批写入 10000 行，累计 90000/115973 行
2025-09-11 18:23:08 [INFO] 2025-08-27 第 10 批写入 10000 行，累计 100000/115973 行
2025-09-11 18:23:08 [INFO] 2025-08-27 第 11 批写入 10000 行，累计 110000/115973 行
2025-09-11 18:23:08 [INFO] 2025-08-27 第 12 批写入 5973 行，累计 115973/115973 行
2025-09-11 18:23:08 [INFO] 2025-08-27 总条数写入 115973 行
